No Problem!! full-reconstructed (64) == (64) in run 28005 physics
No Problem!! root-tuple-virtual (64) == (64) in run 28005 physics
WARNING more full-reconstructed (4749) than reference (4748) in run 28006 physics
WARNING more root-tuple-virtual (4749) than reference (4748) in run 28006 physics
WARNING less full-reconstructed (5264) than reference (5272) in run 28007 physics
WARNING less root-tuple-virtual (5264) than reference (5272) in run 28007 physics
run 28008 not reconstructed yet with version v09_91_02d01
No Problem!! full-reconstructed (488) == (488) in run 28009 cosmics
No Problem!! root-tuple-virtual (488) == (488) in run 28009 cosmics
WARNING less full-reconstructed (10822) than reference (10824) in run 28010 physics
WARNING less root-tuple-virtual (10822) than reference (10824) in run 28010 physics
No Problem!! full-reconstructed (552) == (552) in run 28011 cosmics
No Problem!! root-tuple-virtual (552) == (552) in run 28011 cosmics
WARNING more full-reconstructed (7491) than reference (5352) in run 28012 physics
WARNING more root-tuple-virtual (7491) than reference (5352) in run 28012 physics
WARNING more full-reconstructed (192) than reference (96) in run 28014 cosmics
WARNING more root-tuple-virtual (192) than reference (96) in run 28014 cosmics
run 28015 not reconstructed yet with version v09_91_02d01
WARNING more full-reconstructed (11720) than reference (7032) in run 28016 cosmics
WARNING more root-tuple-virtual (11720) than reference (7032) in run 28016 cosmics
WARNING less full-reconstructed (5590) than reference (5609) in run 28017 physics
WARNING less root-tuple-virtual (5595) than reference (5609) in run 28017 physics
No Problem!! full-reconstructed (2) == (2) in run 28018 cosmics
WARNING VERY SMALL FILES: 28018 cosmics root-tuple-virtual 0.000000 MB
No Problem!! root-tuple-virtual (2) == (2) in run 28018 cosmics
No Problem!! full-reconstructed (1) == (1) in run 28019 cosmics
WARNING VERY SMALL FILES: 28019 cosmics root-tuple-virtual 0.000000 MB
No Problem!! root-tuple-virtual (1) == (1) in run 28019 cosmics
run 28020 not reconstructed yet with version v09_91_02d01
run 28021 not reconstructed yet with version v09_91_02d01
WARNING less full-reconstructed (9184) than reference (9200) in run 28023 physics
WARNING less root-tuple-virtual (9184) than reference (9200) in run 28023 physics
WARNING less full-reconstructed (1498) than reference (1505) in run 28024 cosmics
WARNING less root-tuple-virtual (1498) than reference (1505) in run 28024 cosmics
WARNING less full-reconstructed (639) than reference (640) in run 28025 cosmics
WARNING less root-tuple-virtual (639) than reference (640) in run 28025 cosmics
run 28026 not reconstructed yet with version v09_91_02d01
No Problem!! full-reconstructed (136) == (136) in run 28027 cosmics
No Problem!! root-tuple-virtual (136) == (136) in run 28027 cosmics
No Problem!! full-reconstructed (336) == (336) in run 28028 cosmics
No Problem!! root-tuple-virtual (336) == (336) in run 28028 cosmics
No Problem!! full-reconstructed (88) == (88) in run 28029 cosmics
No Problem!! root-tuple-virtual (88) == (88) in run 28029 cosmics
run 28030 not reconstructed yet with version v09_91_02d01
No Problem!! full-reconstructed (256) == (256) in run 28031 cosmics
No Problem!! root-tuple-virtual (256) == (256) in run 28031 cosmics
run 28033 not reconstructed yet with version v09_91_02d01
No Problem!! full-reconstructed (1143) == (1143) in run 28034 cosmics
No Problem!! root-tuple-virtual (1143) == (1143) in run 28034 cosmics
WARNING less full-reconstructed (3852) than reference (3864) in run 28035 cosmics
WARNING less root-tuple-virtual (3852) than reference (3864) in run 28035 cosmics
WARNING less full-reconstructed (743) than reference (744) in run 28046 cosmics
WARNING less root-tuple-virtual (743) than reference (744) in run 28046 cosmics
No Problem!! full-reconstructed (824) == (824) in run 28047 cosmics
No Problem!! root-tuple-virtual (824) == (824) in run 28047 cosmics
run 28048 not reconstructed yet with version v09_91_02d01
WARNING more full-reconstructed (7474) than reference (6520) in run 28049 physics
WARNING more root-tuple-virtual (7473) than reference (6520) in run 28049 physics
WARNING more full-reconstructed (416) than reference (208) in run 28051 physics
WARNING more root-tuple-virtual (416) than reference (208) in run 28051 physics
WARNING more full-reconstructed (1358) than reference (680) in run 28052 physics
WARNING more root-tuple-virtual (1358) than reference (680) in run 28052 physics
WARNING more full-reconstructed (527) than reference (264) in run 28053 cosmics
WARNING more root-tuple-virtual (527) than reference (264) in run 28053 cosmics
WARNING more full-reconstructed (1816) than reference (944) in run 28054 physics
WARNING more root-tuple-virtual (1816) than reference (944) in run 28054 physics
WARNING more full-reconstructed (307) than reference (200) in run 28055 cosmics
WARNING more root-tuple-virtual (307) than reference (200) in run 28055 cosmics
WARNING more full-reconstructed (162) than reference (136) in run 28056 cosmics
WARNING more root-tuple-virtual (162) than reference (136) in run 28056 cosmics
No Problem!! full-reconstructed (160) == (160) in run 28057 cosmics
No Problem!! root-tuple-virtual (160) == (160) in run 28057 cosmics
No Problem!! full-reconstructed (336) == (336) in run 28058 cosmics
No Problem!! root-tuple-virtual (336) == (336) in run 28058 cosmics
WARNING more full-reconstructed (19478) than reference (16616) in run 28059 physics
WARNING more root-tuple-virtual (19474) than reference (16616) in run 28059 physics
No Problem!! full-reconstructed (872) == (872) in run 28062 physics
No Problem!! root-tuple-virtual (872) == (872) in run 28062 physics
No Problem!! full-reconstructed (72) == (72) in run 28065 physics
No Problem!! root-tuple-virtual (72) == (72) in run 28065 physics
No Problem!! full-reconstructed (448) == (448) in run 28066 physics
No Problem!! root-tuple-virtual (448) == (448) in run 28066 physics
No Problem!! full-reconstructed (136) == (136) in run 28067 physics
No Problem!! root-tuple-virtual (136) == (136) in run 28067 physics
run 28070 not reconstructed yet with version v09_91_02d01
No Problem!! full-reconstructed (696) == (696) in run 28071 physics
No Problem!! root-tuple-virtual (696) == (696) in run 28071 physics
WARNING less full-reconstructed (10596) than reference (10856) in run 28072 physics
WARNING less root-tuple-virtual (10595) than reference (10856) in run 28072 physics
No Problem!! full-reconstructed (72) == (72) in run 28073 cosmics
No Problem!! root-tuple-virtual (72) == (72) in run 28073 cosmics
WARNING less full-reconstructed (1146) than reference (1160) in run 28074 physics
WARNING less root-tuple-virtual (1146) than reference (1160) in run 28074 physics
run 28075 not reconstructed yet with version v09_91_02d01
run 28076 not reconstructed yet with version v09_91_02d01
run 28077 not reconstructed yet with version v09_91_02d01
WARNING less full-reconstructed (47) than reference (48) in run 28078 physics
WARNING less root-tuple-virtual (47) than reference (48) in run 28078 physics
run 28079 not reconstructed yet with version v09_91_02d01
run 28080 not reconstructed yet with version v09_91_02d01
run 28081 not reconstructed yet with version v09_91_02d01
No Problem!! full-reconstructed (1760) == (1760) in run 28082 cosmics
No Problem!! root-tuple-virtual (1760) == (1760) in run 28082 cosmics
No Problem!! full-reconstructed (320) == (320) in run 28083 physics
No Problem!! root-tuple-virtual (320) == (320) in run 28083 physics
No Problem!! full-reconstructed (2424) == (2424) in run 28084 cosmics
No Problem!! root-tuple-virtual (2424) == (2424) in run 28084 cosmics
WARNING less full-reconstructed (6780) than reference (6808) in run 28085 physics
WARNING less root-tuple-virtual (6780) than reference (6808) in run 28085 physics
WARNING less full-reconstructed (17846) than reference (20671) in run 28086 physics
WARNING less root-tuple-virtual (17846) than reference (20671) in run 28086 physics
run 28088 not reconstructed yet with version v09_91_02d01
run 28090 not reconstructed yet with version v09_91_02d01
run 28091 not reconstructed yet with version v09_91_02d01
run 28092 not reconstructed yet with version v09_91_02d01
run 28094 not reconstructed yet with version v09_91_02d01
run 28095 not reconstructed yet with version v09_91_02d01
run 28096 not reconstructed yet with version v09_91_02d01
run 28097 not reconstructed yet with version v09_91_02d01
run 28098 not reconstructed yet with version v09_91_02d01
run 28099 not reconstructed yet with version v09_91_02d01
run 28105 not reconstructed yet with version v09_91_02d01
run 28106 not reconstructed yet with version v09_91_02d01
run 28109 not reconstructed yet with version v09_91_02d01
run 28111 not reconstructed yet with version v09_91_02d01
run 28112 not reconstructed yet with version v09_91_02d01
run 28113 not reconstructed yet with version v09_91_02d01
run 28116 not reconstructed yet with version v09_91_02d01
WARNING more full-reconstructed (751) than reference (482) in run 28135 cosmics
WARNING more root-tuple-virtual (751) than reference (482) in run 28135 cosmics
WARNING less full-reconstructed (257) than reference (258) in run 28146 cosmics
WARNING less root-tuple-virtual (257) than reference (258) in run 28146 cosmics
run 28147 not reconstructed yet with version v09_91_02d01
run 28148 not reconstructed yet with version v09_91_02d01
run 28150 not reconstructed yet with version v09_91_02d01
run 28151 not reconstructed yet with version v09_91_02d01
run 28152 not reconstructed yet with version v09_91_02d01
run 28153 not reconstructed yet with version v09_91_02d01
run 28154 not reconstructed yet with version v09_91_02d01
run 28155 not reconstructed yet with version v09_91_02d01
run 28156 not reconstructed yet with version v09_91_02d01
run 28157 not reconstructed yet with version v09_91_02d01
run 28158 not reconstructed yet with version v09_91_02d01
run 28159 not reconstructed yet with version v09_91_02d01
run 28160 not reconstructed yet with version v09_91_02d01
run 28161 not reconstructed yet with version v09_91_02d01
run 28162 not reconstructed yet with version v09_91_02d01
run 28163 not reconstructed yet with version v09_91_02d01
run 28164 not reconstructed yet with version v09_91_02d01
run 28165 not reconstructed yet with version v09_91_02d01
run 28166 not reconstructed yet with version v09_91_02d01
run 28167 not reconstructed yet with version v09_91_02d01
run 28168 not reconstructed yet with version v09_91_02d01
run 28169 not reconstructed yet with version v09_91_02d01
run 28170 not reconstructed yet with version v09_91_02d01
run 28171 not reconstructed yet with version v09_91_02d01
run 28172 not reconstructed yet with version v09_91_02d01
run 28173 not reconstructed yet with version v09_91_02d01
run 28174 not reconstructed yet with version v09_91_02d01
run 28175 not reconstructed yet with version v09_91_02d01
run 28176 not reconstructed yet with version v09_91_02d01
run 28178 not reconstructed yet with version v09_91_02d01
run 28179 not reconstructed yet with version v09_91_02d01
run 28180 not reconstructed yet with version v09_91_02d01
run 28181 not reconstructed yet with version v09_91_02d01
run 28182 not reconstructed yet with version v09_91_02d01
run 28183 not reconstructed yet with version v09_91_02d01
run 28184 not reconstructed yet with version v09_91_02d01
run 28185 not reconstructed yet with version v09_91_02d01
run 28186 not reconstructed yet with version v09_91_02d01
run 28187 not reconstructed yet with version v09_91_02d01
run 28188 not reconstructed yet with version v09_91_02d01
run 28189 not reconstructed yet with version v09_91_02d01
run 28190 not reconstructed yet with version v09_91_02d01
run 28191 not reconstructed yet with version v09_91_02d01
run 28192 not reconstructed yet with version v09_91_02d01
run 28193 not reconstructed yet with version v09_91_02d01
run 28194 not reconstructed yet with version v09_91_02d01
run 28195 not reconstructed yet with version v09_91_02d01
run 28196 not reconstructed yet with version v09_91_02d01
run 28197 not reconstructed yet with version v09_91_02d01
run 28198 not reconstructed yet with version v09_91_02d01
No Problem!! full-reconstructed (24) == (24) in run 28199 cosmics
No Problem!! root-tuple-virtual (24) == (24) in run 28199 cosmics
run 28200 not reconstructed yet with version v09_91_02d01
WARNING less full-reconstructed (1413) than reference (1414) in run 28201 cosmics
WARNING less root-tuple-virtual (1413) than reference (1414) in run 28201 cosmics
No Problem!! full-reconstructed (360) == (360) in run 28202 cosmics
No Problem!! root-tuple-virtual (360) == (360) in run 28202 cosmics
run 28203 not reconstructed yet with version v09_91_02d01
WARNING less full-reconstructed (2002) than reference (2006) in run 28204 cosmics
WARNING less root-tuple-virtual (2002) than reference (2006) in run 28204 cosmics
No Problem!! full-reconstructed (2) == (2) in run 28205 cosmics
No Problem!! root-tuple-virtual (2) == (2) in run 28205 cosmics
WARNING less full-reconstructed (2941) than reference (2944) in run 28206 cosmics
WARNING less root-tuple-virtual (2941) than reference (2944) in run 28206 cosmics
No Problem!! full-reconstructed (6) == (6) in run 28208 cosmics
No Problem!! root-tuple-virtual (6) == (6) in run 28208 cosmics
No Problem!! full-reconstructed (13) == (13) in run 28209 cosmics
WARNING VERY SMALL FILES: 28209 cosmics root-tuple-virtual 0.000000 MB
No Problem!! root-tuple-virtual (13) == (13) in run 28209 cosmics
No Problem!! full-reconstructed (183) == (183) in run 28210 cosmics
No Problem!! root-tuple-virtual (183) == (183) in run 28210 cosmics
No Problem!! full-reconstructed (24) == (24) in run 28211 cosmics
No Problem!! root-tuple-virtual (24) == (24) in run 28211 cosmics
No Problem!! full-reconstructed (128) == (128) in run 28212 cosmics
No Problem!! root-tuple-virtual (128) == (128) in run 28212 cosmics
No Problem!! full-reconstructed (378) == (378) in run 28213 cosmics
No Problem!! root-tuple-virtual (378) == (378) in run 28213 cosmics
WARNING less full-reconstructed (118) than reference (120) in run 28215 cosmics
WARNING less root-tuple-virtual (118) than reference (120) in run 28215 cosmics
No Problem!! full-reconstructed (120) == (120) in run 28216 cosmics
No Problem!! root-tuple-virtual (120) == (120) in run 28216 cosmics
No Problem!! full-reconstructed (379) == (379) in run 28217 cosmics
No Problem!! root-tuple-virtual (379) == (379) in run 28217 cosmics
No Problem!! full-reconstructed (120) == (120) in run 28218 cosmics
WARNING VERY SMALL FILES: 28218 cosmics root-tuple-virtual 0.158000 MB
No Problem!! root-tuple-virtual (120) == (120) in run 28218 cosmics
No Problem!! full-reconstructed (182) == (182) in run 28219 cosmics
WARNING VERY SMALL FILES: 28219 cosmics root-tuple-virtual 0.049000 MB
No Problem!! root-tuple-virtual (182) == (182) in run 28219 cosmics
No Problem!! full-reconstructed (389) == (389) in run 28220 cosmics
WARNING VERY SMALL FILES: 28220 cosmics root-tuple-virtual 0.059000 MB
No Problem!! root-tuple-virtual (389) == (389) in run 28220 cosmics
No Problem!! full-reconstructed (6) == (6) in run 28222 cosmics
WARNING VERY SMALL FILES: 28222 cosmics root-tuple-virtual 0.000000 MB
No Problem!! root-tuple-virtual (6) == (6) in run 28222 cosmics
No Problem!! full-reconstructed (10) == (10) in run 28223 cosmics
WARNING VERY SMALL FILES: 28223 cosmics root-tuple-virtual 0.000000 MB
No Problem!! root-tuple-virtual (10) == (10) in run 28223 cosmics
No Problem!! full-reconstructed (74) == (74) in run 28224 cosmics
WARNING VERY SMALL FILES: 28224 cosmics root-tuple-virtual 0.040000 MB
No Problem!! root-tuple-virtual (74) == (74) in run 28224 cosmics
No Problem!! full-reconstructed (8) == (8) in run 28225 cosmics
WARNING VERY SMALL FILES: 28225 cosmics root-tuple-virtual 0.000000 MB
No Problem!! root-tuple-virtual (8) == (8) in run 28225 cosmics
No Problem!! full-reconstructed (10) == (10) in run 28228 cosmics
WARNING VERY SMALL FILES: 28228 cosmics root-tuple-virtual 0.000000 MB
No Problem!! root-tuple-virtual (10) == (10) in run 28228 cosmics
run 28230 not reconstructed yet with version v09_91_02d01
run 28231 not reconstructed yet with version v09_91_02d01
run 28232 not reconstructed yet with version v09_91_02d01
run 28233 not reconstructed yet with version v09_91_02d01
run 28234 not reconstructed yet with version v09_91_02d01
run 28235 not reconstructed yet with version v09_91_02d01
run 28236 not reconstructed yet with version v09_91_02d01
run 28237 not reconstructed yet with version v09_91_02d01
run 28238 not reconstructed yet with version v09_91_02d01
run 28239 not reconstructed yet with version v09_91_02d01
run 28240 not reconstructed yet with version v09_91_02d01
run 28241 not reconstructed yet with version v09_91_02d01
run 28242 not reconstructed yet with version v09_91_02d01
run 28243 not reconstructed yet with version v09_91_02d01
run 28244 not reconstructed yet with version v09_91_02d01
run 28245 not reconstructed yet with version v09_91_02d01
run 28246 not reconstructed yet with version v09_91_02d01
run 28247 not reconstructed yet with version v09_91_02d01
run 28249 not reconstructed yet with version v09_91_02d01
run 28250 not reconstructed yet with version v09_91_02d01
run 28251 not reconstructed yet with version v09_91_02d01
run 28252 not reconstructed yet with version v09_91_02d01
run 28253 not reconstructed yet with version v09_91_02d01
run 28254 not reconstructed yet with version v09_91_02d01
run 28255 not reconstructed yet with version v09_91_02d01
run 28256 not reconstructed yet with version v09_91_02d01
run 28257 not reconstructed yet with version v09_91_02d01
run 28258 not reconstructed yet with version v09_91_02d01
run 28259 not reconstructed yet with version v09_91_02d01
run 28260 not reconstructed yet with version v09_91_02d01
run 28261 not reconstructed yet with version v09_91_02d01
run 28262 not reconstructed yet with version v09_91_02d01
run 28263 not reconstructed yet with version v09_91_02d01
run 28264 not reconstructed yet with version v09_91_02d01
run 28265 not reconstructed yet with version v09_91_02d01
run 28266 not reconstructed yet with version v09_91_02d01
run 28267 not reconstructed yet with version v09_91_02d01
run 28268 not reconstructed yet with version v09_91_02d01
No Problem!! full-reconstructed (6) == (6) in run 28269 cosmics
WARNING VERY SMALL FILES: 28269 cosmics root-tuple-virtual 0.000000 MB
No Problem!! root-tuple-virtual (6) == (6) in run 28269 cosmics
run 28270 not reconstructed yet with version v09_91_02d01
run 28271 not reconstructed yet with version v09_91_02d01
No Problem!! full-reconstructed (6) == (6) in run 28272 cosmics
WARNING VERY SMALL FILES: 28272 cosmics root-tuple-virtual 0.000000 MB
No Problem!! root-tuple-virtual (6) == (6) in run 28272 cosmics
run 28273 not reconstructed yet with version v09_91_02d01
run 28274 not reconstructed yet with version v09_91_02d01
No Problem!! full-reconstructed (6) == (6) in run 28275 cosmics
WARNING VERY SMALL FILES: 28275 cosmics root-tuple-virtual 0.000000 MB
No Problem!! root-tuple-virtual (6) == (6) in run 28275 cosmics
run 28276 not reconstructed yet with version v09_91_02d01
run 28277 not reconstructed yet with version v09_91_02d01
No Problem!! full-reconstructed (6) == (6) in run 28278 cosmics
WARNING VERY SMALL FILES: 28278 cosmics root-tuple-virtual 0.000000 MB
No Problem!! root-tuple-virtual (6) == (6) in run 28278 cosmics
run 28279 not reconstructed yet with version v09_91_02d01
run 28280 not reconstructed yet with version v09_91_02d01
No Problem!! full-reconstructed (6) == (6) in run 28281 cosmics
WARNING VERY SMALL FILES: 28281 cosmics root-tuple-virtual 0.000000 MB
No Problem!! root-tuple-virtual (6) == (6) in run 28281 cosmics
run 28282 not reconstructed yet with version v09_91_02d01
run 28283 not reconstructed yet with version v09_91_02d01
No Problem!! full-reconstructed (6) == (6) in run 28284 cosmics
WARNING VERY SMALL FILES: 28284 cosmics root-tuple-virtual 0.000000 MB
No Problem!! root-tuple-virtual (6) == (6) in run 28284 cosmics
run 28285 not reconstructed yet with version v09_91_02d01
run 28286 not reconstructed yet with version v09_91_02d01
No Problem!! full-reconstructed (6) == (6) in run 28287 cosmics
WARNING VERY SMALL FILES: 28287 cosmics root-tuple-virtual 0.000000 MB
No Problem!! root-tuple-virtual (6) == (6) in run 28287 cosmics
run 28288 not reconstructed yet with version v09_91_02d01
run 28289 not reconstructed yet with version v09_91_02d01
No Problem!! full-reconstructed (6) == (6) in run 28290 cosmics
WARNING VERY SMALL FILES: 28290 cosmics root-tuple-virtual 0.000000 MB
No Problem!! root-tuple-virtual (6) == (6) in run 28290 cosmics
run 28291 not reconstructed yet with version v09_91_02d01
run 28292 not reconstructed yet with version v09_91_02d01
run 28293 not reconstructed yet with version v09_91_02d01
No Problem!! full-reconstructed (5) == (5) in run 28294 cosmics
WARNING VERY SMALL FILES: 28294 cosmics root-tuple-virtual 0.000000 MB
No Problem!! root-tuple-virtual (5) == (5) in run 28294 cosmics
run 28295 not reconstructed yet with version v09_91_02d01
run 28296 not reconstructed yet with version v09_91_02d01
run 28297 not reconstructed yet with version v09_91_02d01
No Problem!! full-reconstructed (6) == (6) in run 28298 cosmics
WARNING VERY SMALL FILES: 28298 cosmics root-tuple-virtual 0.000000 MB
No Problem!! root-tuple-virtual (6) == (6) in run 28298 cosmics
run 28299 not reconstructed yet with version v09_91_02d01
run 28300 not reconstructed yet with version v09_91_02d01
No Problem!! full-reconstructed (6) == (6) in run 28301 cosmics
WARNING VERY SMALL FILES: 28301 cosmics root-tuple-virtual 0.000000 MB
No Problem!! root-tuple-virtual (6) == (6) in run 28301 cosmics
run 28302 not reconstructed yet with version v09_91_02d01
run 28303 not reconstructed yet with version v09_91_02d01
No Problem!! full-reconstructed (6) == (6) in run 28304 cosmics
WARNING VERY SMALL FILES: 28304 cosmics root-tuple-virtual 0.000000 MB
No Problem!! root-tuple-virtual (6) == (6) in run 28304 cosmics
run 28305 not reconstructed yet with version v09_91_02d01
run 28306 not reconstructed yet with version v09_91_02d01
run 28307 not reconstructed yet with version v09_91_02d01
No Problem!! full-reconstructed (7) == (7) in run 28308 cosmics
WARNING VERY SMALL FILES: 28308 cosmics root-tuple-virtual 0.000000 MB
No Problem!! root-tuple-virtual (7) == (7) in run 28308 cosmics
run 28309 not reconstructed yet with version v09_91_02d01
run 28310 not reconstructed yet with version v09_91_02d01
No Problem!! full-reconstructed (7) == (7) in run 28311 cosmics
WARNING VERY SMALL FILES: 28311 cosmics root-tuple-virtual 0.000000 MB
No Problem!! root-tuple-virtual (7) == (7) in run 28311 cosmics
run 28312 not reconstructed yet with version v09_91_02d01
run 28313 not reconstructed yet with version v09_91_02d01
run 28314 not reconstructed yet with version v09_91_02d01
No Problem!! full-reconstructed (7) == (7) in run 28315 cosmics
WARNING VERY SMALL FILES: 28315 cosmics root-tuple-virtual 0.000000 MB
No Problem!! root-tuple-virtual (7) == (7) in run 28315 cosmics
run 28316 not reconstructed yet with version v09_91_02d01
run 28317 not reconstructed yet with version v09_91_02d01
No Problem!! full-reconstructed (7) == (7) in run 28318 cosmics
WARNING VERY SMALL FILES: 28318 cosmics root-tuple-virtual 0.000000 MB
No Problem!! root-tuple-virtual (7) == (7) in run 28318 cosmics
run 28319 not reconstructed yet with version v09_91_02d01
run 28320 not reconstructed yet with version v09_91_02d01
run 28321 not reconstructed yet with version v09_91_02d01
No Problem!! full-reconstructed (6) == (6) in run 28322 cosmics
WARNING VERY SMALL FILES: 28322 cosmics root-tuple-virtual 0.000000 MB
No Problem!! root-tuple-virtual (6) == (6) in run 28322 cosmics
run 28323 not reconstructed yet with version v09_91_02d01
run 28324 not reconstructed yet with version v09_91_02d01
run 28325 not reconstructed yet with version v09_91_02d01
No Problem!! full-reconstructed (7) == (7) in run 28326 cosmics
WARNING VERY SMALL FILES: 28326 cosmics root-tuple-virtual 0.000000 MB
No Problem!! root-tuple-virtual (7) == (7) in run 28326 cosmics
run 28327 not reconstructed yet with version v09_91_02d01
run 28328 not reconstructed yet with version v09_91_02d01
run 28329 not reconstructed yet with version v09_91_02d01
No Problem!! full-reconstructed (7) == (7) in run 28330 cosmics
WARNING VERY SMALL FILES: 28330 cosmics root-tuple-virtual 0.000000 MB
No Problem!! root-tuple-virtual (7) == (7) in run 28330 cosmics
No Problem!! full-reconstructed (6) == (6) in run 28331 cosmics
WARNING VERY SMALL FILES: 28331 cosmics root-tuple-virtual 0.000000 MB
No Problem!! root-tuple-virtual (6) == (6) in run 28331 cosmics
run 28332 not reconstructed yet with version v09_91_02d01
run 28333 not reconstructed yet with version v09_91_02d01
run 28334 not reconstructed yet with version v09_91_02d01
run 28335 not reconstructed yet with version v09_91_02d01
run 28336 not reconstructed yet with version v09_91_02d01
run 28337 not reconstructed yet with version v09_91_02d01
run 28338 not reconstructed yet with version v09_91_02d01
run 28339 not reconstructed yet with version v09_91_02d01
run 28340 not reconstructed yet with version v09_91_02d01
run 28341 not reconstructed yet with version v09_91_02d01
run 28342 not reconstructed yet with version v09_91_02d01
run 28344 not reconstructed yet with version v09_91_02d01
run 28345 not reconstructed yet with version v09_91_02d01
run 28346 not reconstructed yet with version v09_91_02d01
run 28347 not reconstructed yet with version v09_91_02d01
run 28349 not reconstructed yet with version v09_91_02d01
run 28350 not reconstructed yet with version v09_91_02d01
run 28351 not reconstructed yet with version v09_91_02d01
run 28352 not reconstructed yet with version v09_91_02d01
run 28353 not reconstructed yet with version v09_91_02d01
run 28354 not reconstructed yet with version v09_91_02d01
run 28355 not reconstructed yet with version v09_91_02d01
run 28356 not reconstructed yet with version v09_91_02d01
run 28357 not reconstructed yet with version v09_91_02d01
run 28358 not reconstructed yet with version v09_91_02d01
run 28359 not reconstructed yet with version v09_91_02d01
run 28360 not reconstructed yet with version v09_91_02d01
run 28361 not reconstructed yet with version v09_91_02d01
run 28363 not reconstructed yet with version v09_91_02d01
run 28364 not reconstructed yet with version v09_91_02d01
run 28365 not reconstructed yet with version v09_91_02d01
run 28366 not reconstructed yet with version v09_91_02d01
run 28367 not reconstructed yet with version v09_91_02d01
run 28368 not reconstructed yet with version v09_91_02d01
run 28369 not reconstructed yet with version v09_91_02d01
run 28370 not reconstructed yet with version v09_91_02d01
run 28371 not reconstructed yet with version v09_91_02d01
run 28372 not reconstructed yet with version v09_91_02d01
run 28373 not reconstructed yet with version v09_91_02d01
run 28374 not reconstructed yet with version v09_91_02d01
run 28375 not reconstructed yet with version v09_91_02d01
run 28376 not reconstructed yet with version v09_91_02d01
run 28377 not reconstructed yet with version v09_91_02d01
run 28378 not reconstructed yet with version v09_91_02d01
run 28379 not reconstructed yet with version v09_91_02d01
run 28380 not reconstructed yet with version v09_91_02d01
run 28381 not reconstructed yet with version v09_91_02d01
run 28382 not reconstructed yet with version v09_91_02d01
run 28383 not reconstructed yet with version v09_91_02d01
run 28384 not reconstructed yet with version v09_91_02d01
run 28385 not reconstructed yet with version v09_91_02d01
run 28386 not reconstructed yet with version v09_91_02d01
run 28387 not reconstructed yet with version v09_91_02d01
run 28388 not reconstructed yet with version v09_91_02d01
run 28389 not reconstructed yet with version v09_91_02d01
run 28390 not reconstructed yet with version v09_91_02d01
run 28391 not reconstructed yet with version v09_91_02d01
run 28392 not reconstructed yet with version v09_91_02d01
run 28393 not reconstructed yet with version v09_91_02d01
run 28394 not reconstructed yet with version v09_91_02d01
run 28395 not reconstructed yet with version v09_91_02d01
run 28396 not reconstructed yet with version v09_91_02d01
run 28397 not reconstructed yet with version v09_91_02d01
run 28398 not reconstructed yet with version v09_91_02d01
run 28399 not reconstructed yet with version v09_91_02d01
run 28400 not reconstructed yet with version v09_91_02d01
run 28401 not reconstructed yet with version v09_91_02d01
run 28402 not reconstructed yet with version v09_91_02d01
run 28403 not reconstructed yet with version v09_91_02d01
run 28404 not reconstructed yet with version v09_91_02d01
run 28405 not reconstructed yet with version v09_91_02d01
run 28406 not reconstructed yet with version v09_91_02d01
run 28407 not reconstructed yet with version v09_91_02d01
run 28408 not reconstructed yet with version v09_91_02d01
run 28409 not reconstructed yet with version v09_91_02d01
run 28410 not reconstructed yet with version v09_91_02d01
run 28411 not reconstructed yet with version v09_91_02d01
run 28412 not reconstructed yet with version v09_91_02d01
run 28413 not reconstructed yet with version v09_91_02d01
run 28414 not reconstructed yet with version v09_91_02d01
run 28415 not reconstructed yet with version v09_91_02d01
run 28416 not reconstructed yet with version v09_91_02d01
run 28417 not reconstructed yet with version v09_91_02d01
run 28418 not reconstructed yet with version v09_91_02d01
run 28419 not reconstructed yet with version v09_91_02d01
run 28420 not reconstructed yet with version v09_91_02d01
run 28421 not reconstructed yet with version v09_91_02d01
run 28422 not reconstructed yet with version v09_91_02d01
run 28423 not reconstructed yet with version v09_91_02d01
run 28424 not reconstructed yet with version v09_91_02d01
run 28425 not reconstructed yet with version v09_91_02d01
run 28426 not reconstructed yet with version v09_91_02d01
run 28427 not reconstructed yet with version v09_91_02d01
run 28428 not reconstructed yet with version v09_91_02d01
run 28429 not reconstructed yet with version v09_91_02d01
run 28430 not reconstructed yet with version v09_91_02d01
run 28431 not reconstructed yet with version v09_91_02d01
run 28432 not reconstructed yet with version v09_91_02d01
run 28433 not reconstructed yet with version v09_91_02d01
run 28434 not reconstructed yet with version v09_91_02d01
run 28435 not reconstructed yet with version v09_91_02d01
run 28437 not reconstructed yet with version v09_91_02d01
run 28438 not reconstructed yet with version v09_91_02d01
run 28439 not reconstructed yet with version v09_91_02d01
run 28440 not reconstructed yet with version v09_91_02d01
run 28441 not reconstructed yet with version v09_91_02d01
run 28442 not reconstructed yet with version v09_91_02d01
run 28443 not reconstructed yet with version v09_91_02d01
run 28444 not reconstructed yet with version v09_91_02d01
run 28445 not reconstructed yet with version v09_91_02d01
run 28446 not reconstructed yet with version v09_91_02d01
run 28447 not reconstructed yet with version v09_91_02d01
run 28448 not reconstructed yet with version v09_91_02d01
run 28449 not reconstructed yet with version v09_91_02d01
run 28450 not reconstructed yet with version v09_91_02d01
run 28451 not reconstructed yet with version v09_91_02d01
run 28452 not reconstructed yet with version v09_91_02d01
run 28453 not reconstructed yet with version v09_91_02d01
run 28454 not reconstructed yet with version v09_91_02d01
run 28455 not reconstructed yet with version v09_91_02d01
run 28456 not reconstructed yet with version v09_91_02d01
run 28457 not reconstructed yet with version v09_91_02d01
run 28458 not reconstructed yet with version v09_91_02d01
run 28459 not reconstructed yet with version v09_91_02d01
run 28460 not reconstructed yet with version v09_91_02d01
run 28461 not reconstructed yet with version v09_91_02d01
run 28462 not reconstructed yet with version v09_91_02d01
run 28463 not reconstructed yet with version v09_91_02d01
run 28464 not reconstructed yet with version v09_91_02d01
run 28465 not reconstructed yet with version v09_91_02d01
No Problem!! full-reconstructed (208) == (208) in run 28468 cosmics
WARNING VERY SMALL FILES: 28468 cosmics root-tuple-virtual 0.057000 MB
No Problem!! root-tuple-virtual (208) == (208) in run 28468 cosmics
No Problem!! full-reconstructed (128) == (128) in run 28469 cosmics
WARNING VERY SMALL FILES: 28469 cosmics root-tuple-virtual 0.281000 MB
No Problem!! root-tuple-virtual (128) == (128) in run 28469 cosmics
No Problem!! full-reconstructed (200) == (200) in run 28470 cosmics
No Problem!! root-tuple-virtual (200) == (200) in run 28470 cosmics
No Problem!! full-reconstructed (72) == (72) in run 28471 cosmics
No Problem!! root-tuple-virtual (72) == (72) in run 28471 cosmics
No Problem!! full-reconstructed (64) == (64) in run 28473 cosmics
No Problem!! root-tuple-virtual (64) == (64) in run 28473 cosmics
No Problem!! full-reconstructed (192) == (192) in run 28474 cosmics
No Problem!! root-tuple-virtual (192) == (192) in run 28474 cosmics
No Problem!! full-reconstructed (48) == (48) in run 28475 cosmics
No Problem!! root-tuple-virtual (48) == (48) in run 28475 cosmics
No Problem!! full-reconstructed (88) == (88) in run 28476 cosmics
No Problem!! root-tuple-virtual (88) == (88) in run 28476 cosmics
No Problem!! full-reconstructed (152) == (152) in run 28477 cosmics
No Problem!! root-tuple-virtual (152) == (152) in run 28477 cosmics
No Problem!! full-reconstructed (250) == (250) in run 28478 cosmics
No Problem!! root-tuple-virtual (250) == (250) in run 28478 cosmics
No Problem!! full-reconstructed (204) == (204) in run 28479 cosmics
No Problem!! root-tuple-virtual (204) == (204) in run 28479 cosmics
run 28481 not reconstructed yet with version v09_91_02d01
run 28483 not reconstructed yet with version v09_91_02d01
run 28485 not reconstructed yet with version v09_91_02d01
run 28486 not reconstructed yet with version v09_91_02d01
run 28487 not reconstructed yet with version v09_91_02d01
run 28488 not reconstructed yet with version v09_91_02d01
run 28489 not reconstructed yet with version v09_91_02d01
run 28491 not reconstructed yet with version v09_91_02d01
run 28492 not reconstructed yet with version v09_91_02d01
run 28493 not reconstructed yet with version v09_91_02d01
run 28494 not reconstructed yet with version v09_91_02d01
run 28495 not reconstructed yet with version v09_91_02d01
run 28496 not reconstructed yet with version v09_91_02d01
run 28497 not reconstructed yet with version v09_91_02d01
run 28498 not reconstructed yet with version v09_91_02d01
run 28499 not reconstructed yet with version v09_91_02d01
run 28500 not reconstructed yet with version v09_91_02d01
run 28501 not reconstructed yet with version v09_91_02d01
No Problem!! full-reconstructed (24) == (24) in run 28502 cosmics
No Problem!! root-tuple-virtual (24) == (24) in run 28502 cosmics
No Problem!! full-reconstructed (52) == (52) in run 28503 cosmics
No Problem!! root-tuple-virtual (52) == (52) in run 28503 cosmics
run 28504 not reconstructed yet with version v09_91_02d01
run 28505 not reconstructed yet with version v09_91_02d01
run 28506 not reconstructed yet with version v09_91_02d01
run 28507 not reconstructed yet with version v09_91_02d01
No Problem!! full-reconstructed (12) == (12) in run 28508 cosmics
No Problem!! root-tuple-virtual (12) == (12) in run 28508 cosmics
run 28509 not reconstructed yet with version v09_91_02d01
WARNING less full-reconstructed (1415) than reference (1417) in run 28510 cosmics
WARNING less root-tuple-virtual (1415) than reference (1417) in run 28510 cosmics
No Problem!! full-reconstructed (14) == (14) in run 28511 cosmics
WARNING VERY SMALL FILES: 28511 cosmics root-tuple-virtual 0.000000 MB
No Problem!! root-tuple-virtual (14) == (14) in run 28511 cosmics
No Problem!! full-reconstructed (39) == (39) in run 28512 cosmics
WARNING VERY SMALL FILES: 28512 cosmics root-tuple-virtual 0.025000 MB
No Problem!! root-tuple-virtual (39) == (39) in run 28512 cosmics
No Problem!! full-reconstructed (22) == (22) in run 28514 cosmics
No Problem!! root-tuple-virtual (22) == (22) in run 28514 cosmics
No Problem!! full-reconstructed (2) == (2) in run 28515 cosmics
No Problem!! root-tuple-virtual (2) == (2) in run 28515 cosmics
No Problem!! full-reconstructed (364) == (364) in run 28516 cosmics
No Problem!! root-tuple-virtual (364) == (364) in run 28516 cosmics
No Problem!! full-reconstructed (4) == (4) in run 28517 cosmics
WARNING VERY SMALL FILES: 28517 cosmics root-tuple-virtual 0.000000 MB
No Problem!! root-tuple-virtual (4) == (4) in run 28517 cosmics
run 28518 not reconstructed yet with version v09_91_02d01
run 28519 not reconstructed yet with version v09_91_02d01
No Problem!! full-reconstructed (232) == (232) in run 28520 physics
No Problem!! root-tuple-virtual (232) == (232) in run 28520 physics
run 28523 not reconstructed yet with version v09_91_02d01
WARNING less full-reconstructed (7428) than reference (7433) in run 28524 physics
WARNING less root-tuple-virtual (7428) than reference (7433) in run 28524 physics
No Problem!! full-reconstructed (1264) == (1264) in run 28526 physics
No Problem!! root-tuple-virtual (1264) == (1264) in run 28526 physics
WARNING less full-reconstructed (10592) than reference (15608) in run 28528 physics
WARNING less root-tuple-virtual (10592) than reference (15608) in run 28528 physics
WARNING less full-reconstructed (1030) than reference (1031) in run 28536 physics
WARNING less root-tuple-virtual (1030) than reference (1031) in run 28536 physics
WARNING less full-reconstructed (2256) than reference (2264) in run 28542 cosmics
WARNING less root-tuple-virtual (2256) than reference (2264) in run 28542 cosmics
No Problem!! full-reconstructed (214) == (214) in run 28543 cosmics
No Problem!! root-tuple-virtual (214) == (214) in run 28543 cosmics
run 28544 not reconstructed yet with version v09_91_02d01
run 28545 not reconstructed yet with version v09_91_02d01
No Problem!! full-reconstructed (448) == (448) in run 28546 cosmics
No Problem!! root-tuple-virtual (448) == (448) in run 28546 cosmics
No Problem!! full-reconstructed (608) == (608) in run 28547 physics
No Problem!! root-tuple-virtual (608) == (608) in run 28547 physics
WARNING less full-reconstructed (22147) than reference (22184) in run 28548 physics
WARNING less root-tuple-virtual (22147) than reference (22184) in run 28548 physics
No Problem!! full-reconstructed (672) == (672) in run 28549 physics
No Problem!! root-tuple-virtual (672) == (672) in run 28549 physics
WARNING less full-reconstructed (3810) than reference (13912) in run 28550 physics
WARNING less root-tuple-virtual (3810) than reference (13912) in run 28550 physics
run 28556 not reconstructed yet with version v09_91_02d01
run 28557 not reconstructed yet with version v09_91_02d01
run 28558 not reconstructed yet with version v09_91_02d01
run 28563 not reconstructed yet with version v09_91_02d01
run 28577 not reconstructed yet with version v09_91_02d01
run 28578 not reconstructed yet with version v09_91_02d01
run 28586 not reconstructed yet with version v09_91_02d01
run 28588 not reconstructed yet with version v09_91_02d01
run 28589 not reconstructed yet with version v09_91_02d01
WARNING less full-reconstructed (9246) than reference (10023) in run 28590 physics
WARNING less root-tuple-virtual (9246) than reference (10023) in run 28590 physics
WARNING less full-reconstructed (2991) than reference (2992) in run 28595 physics
WARNING less root-tuple-virtual (2991) than reference (2992) in run 28595 physics
WARNING less full-reconstructed (1391) than reference (1392) in run 28600 cosmics
WARNING less root-tuple-virtual (1390) than reference (1392) in run 28600 cosmics
No Problem!! full-reconstructed (24) == (24) in run 28601 cosmics
No Problem!! root-tuple-virtual (24) == (24) in run 28601 cosmics
WARNING less full-reconstructed (1231) than reference (1232) in run 28602 physics
WARNING less root-tuple-virtual (1231) than reference (1232) in run 28602 physics
WARNING less full-reconstructed (48947) than reference (59016) in run 28605 physics
WARNING less root-tuple-virtual (48947) than reference (59016) in run 28605 physics
No Problem!! full-reconstructed (32) == (32) in run 28607 cosmics
No Problem!! root-tuple-virtual (32) == (32) in run 28607 cosmics
No Problem!! full-reconstructed (3656) == (3656) in run 28608 physics
No Problem!! root-tuple-virtual (3656) == (3656) in run 28608 physics
WARNING less full-reconstructed (1244) than reference (1248) in run 28609 physics
WARNING less root-tuple-virtual (1244) than reference (1248) in run 28609 physics
WARNING less full-reconstructed (6592) than reference (6600) in run 28610 physics
WARNING less root-tuple-virtual (6592) than reference (6600) in run 28610 physics
WARNING less full-reconstructed (909) than reference (920) in run 28612 physics
WARNING less root-tuple-virtual (909) than reference (920) in run 28612 physics
No Problem!! full-reconstructed (2570) == (2570) in run 28613 cosmics
No Problem!! root-tuple-virtual (2570) == (2570) in run 28613 cosmics
WARNING less full-reconstructed (1688) than reference (1696) in run 28614 physics
WARNING less root-tuple-virtual (1688) than reference (1696) in run 28614 physics
No Problem!! full-reconstructed (208) == (208) in run 28615 physics
No Problem!! root-tuple-virtual (208) == (208) in run 28615 physics
No Problem!! full-reconstructed (24) == (24) in run 28616 cosmics
No Problem!! root-tuple-virtual (24) == (24) in run 28616 cosmics
WARNING less full-reconstructed (967) than reference (968) in run 28617 cosmics
WARNING less root-tuple-virtual (967) than reference (968) in run 28617 cosmics
WARNING less full-reconstructed (1471) than reference (1472) in run 28621 cosmics
WARNING less root-tuple-virtual (1470) than reference (1472) in run 28621 cosmics
run 28622 not reconstructed yet with version v09_91_02d01
run 28623 not reconstructed yet with version v09_91_02d01
run 28624 not reconstructed yet with version v09_91_02d01
run 28625 not reconstructed yet with version v09_91_02d01
run 28626 not reconstructed yet with version v09_91_02d01
run 28627 not reconstructed yet with version v09_91_02d01
run 28628 not reconstructed yet with version v09_91_02d01
run 28629 not reconstructed yet with version v09_91_02d01
run 28631 not reconstructed yet with version v09_91_02d01
run 28632 not reconstructed yet with version v09_91_02d01
run 28633 not reconstructed yet with version v09_91_02d01
run 28634 not reconstructed yet with version v09_91_02d01
run 28635 not reconstructed yet with version v09_91_02d01
run 28636 not reconstructed yet with version v09_91_02d01
run 28637 not reconstructed yet with version v09_91_02d01
run 28638 not reconstructed yet with version v09_91_02d01
run 28639 not reconstructed yet with version v09_91_02d01
run 28640 not reconstructed yet with version v09_91_02d01
run 28641 not reconstructed yet with version v09_91_02d01
run 28642 not reconstructed yet with version v09_91_02d01
run 28643 not reconstructed yet with version v09_91_02d01
run 28644 not reconstructed yet with version v09_91_02d01
run 28645 not reconstructed yet with version v09_91_02d01
run 28646 not reconstructed yet with version v09_91_02d01
run 28647 not reconstructed yet with version v09_91_02d01
run 28648 not reconstructed yet with version v09_91_02d01
run 28649 not reconstructed yet with version v09_91_02d01
run 28650 not reconstructed yet with version v09_91_02d01
run 28651 not reconstructed yet with version v09_91_02d01
run 28652 not reconstructed yet with version v09_91_02d01
run 28653 not reconstructed yet with version v09_91_02d01
run 28654 not reconstructed yet with version v09_91_02d01
run 28655 not reconstructed yet with version v09_91_02d01
run 28656 not reconstructed yet with version v09_91_02d01
run 28657 not reconstructed yet with version v09_91_02d01
run 28658 not reconstructed yet with version v09_91_02d01
run 28659 not reconstructed yet with version v09_91_02d01
run 28660 not reconstructed yet with version v09_91_02d01
run 28661 not reconstructed yet with version v09_91_02d01
run 28662 not reconstructed yet with version v09_91_02d01
run 28663 not reconstructed yet with version v09_91_02d01
run 28664 not reconstructed yet with version v09_91_02d01
run 28665 not reconstructed yet with version v09_91_02d01
run 28666 not reconstructed yet with version v09_91_02d01
run 28667 not reconstructed yet with version v09_91_02d01
run 28668 not reconstructed yet with version v09_91_02d01
WARNING less full-reconstructed (3171) than reference (3176) in run 28671 physics
WARNING less root-tuple-virtual (3171) than reference (3176) in run 28671 physics
WARNING less full-reconstructed (962) than reference (968) in run 28673 cosmics
WARNING less root-tuple-virtual (962) than reference (968) in run 28673 cosmics
run 28674 not reconstructed yet with version v09_91_02d01
run 28675 not reconstructed yet with version v09_91_02d01
run 28676 not reconstructed yet with version v09_91_02d01
run 28677 not reconstructed yet with version v09_91_02d01
No Problem!! full-reconstructed (448) == (448) in run 28678 cosmics
No Problem!! root-tuple-virtual (448) == (448) in run 28678 cosmics
run 28679 not reconstructed yet with version v09_91_02d01
run 28680 not reconstructed yet with version v09_91_02d01
WARNING less full-reconstructed (238) than reference (240) in run 28681 physics
WARNING less root-tuple-virtual (238) than reference (240) in run 28681 physics
WARNING less full-reconstructed (797) than reference (798) in run 28682 cosmics
WARNING less root-tuple-virtual (797) than reference (798) in run 28682 cosmics
run 28693 not reconstructed yet with version v09_91_02d01
WARNING less full-reconstructed (2461) than reference (2472) in run 28694 physics
WARNING less root-tuple-virtual (2460) than reference (2472) in run 28694 physics
No Problem!! full-reconstructed (80) == (80) in run 28695 physics
No Problem!! root-tuple-virtual (80) == (80) in run 28695 physics
run 28696 not reconstructed yet with version v09_91_02d01
WARNING less full-reconstructed (1038) than reference (1040) in run 28697 physics
WARNING less root-tuple-virtual (1038) than reference (1040) in run 28697 physics
run 28698 not reconstructed yet with version v09_91_02d01
run 28699 not reconstructed yet with version v09_91_02d01
run 28700 not reconstructed yet with version v09_91_02d01
run 28701 not reconstructed yet with version v09_91_02d01
No Problem!! full-reconstructed (3) == (3) in run 28704 cosmics
No Problem!! root-tuple-virtual (3) == (3) in run 28704 cosmics
No Problem!! full-reconstructed (120) == (120) in run 28705 physics
No Problem!! root-tuple-virtual (120) == (120) in run 28705 physics
run 28707 not reconstructed yet with version v09_91_02d01
WARNING less full-reconstructed (431) than reference (432) in run 28709 physics
WARNING less root-tuple-virtual (431) than reference (432) in run 28709 physics
No Problem!! full-reconstructed (1000) == (1000) in run 28710 cosmics
No Problem!! root-tuple-virtual (1000) == (1000) in run 28710 cosmics
run 28711 not reconstructed yet with version v09_91_02d01
run 28714 not reconstructed yet with version v09_91_02d01
run 28715 not reconstructed yet with version v09_91_02d01
run 28716 not reconstructed yet with version v09_91_02d01
run 28719 not reconstructed yet with version v09_91_02d01
No Problem!! full-reconstructed (16) == (16) in run 28721 physics
No Problem!! root-tuple-virtual (16) == (16) in run 28721 physics
run 28723 not reconstructed yet with version v09_91_02d01
run 28726 not reconstructed yet with version v09_91_02d01
run 28728 not reconstructed yet with version v09_91_02d01
run 28731 not reconstructed yet with version v09_91_02d01
run 28732 not reconstructed yet with version v09_91_02d01
run 28733 not reconstructed yet with version v09_91_02d01
run 28734 not reconstructed yet with version v09_91_02d01
run 28735 not reconstructed yet with version v09_91_02d01
run 28736 not reconstructed yet with version v09_91_02d01
No Problem!! full-reconstructed (70) == (70) in run 28741 cosmics
No Problem!! root-tuple-virtual (70) == (70) in run 28741 cosmics
No Problem!! full-reconstructed (29) == (29) in run 28742 cosmics
No Problem!! root-tuple-virtual (29) == (29) in run 28742 cosmics
run 28743 not reconstructed yet with version v09_91_02d01
run 28744 not reconstructed yet with version v09_91_02d01
run 28745 not reconstructed yet with version v09_91_02d01
run 28746 not reconstructed yet with version v09_91_02d01
run 28747 not reconstructed yet with version v09_91_02d01
No Problem!! full-reconstructed (24) == (24) in run 28748 physics
No Problem!! root-tuple-virtual (24) == (24) in run 28748 physics
No Problem!! full-reconstructed (16) == (16) in run 28749 physics
No Problem!! root-tuple-virtual (16) == (16) in run 28749 physics
run 28750 not reconstructed yet with version v09_91_02d01
WARNING less full-reconstructed (3785) than reference (3792) in run 28751 physics
WARNING less root-tuple-virtual (3785) than reference (3792) in run 28751 physics
run 28752 not reconstructed yet with version v09_91_02d01
No Problem!! full-reconstructed (40) == (40) in run 28753 physics
No Problem!! root-tuple-virtual (40) == (40) in run 28753 physics
run 28754 not reconstructed yet with version v09_91_02d01
No Problem!! full-reconstructed (24) == (24) in run 28755 physics
No Problem!! root-tuple-virtual (24) == (24) in run 28755 physics
run 28756 not reconstructed yet with version v09_91_02d01
WARNING less full-reconstructed (303) than reference (304) in run 28757 cosmics
WARNING less root-tuple-virtual (303) than reference (304) in run 28757 cosmics
run 28758 not reconstructed yet with version v09_91_02d01
WARNING less full-reconstructed (7044) than reference (7056) in run 28759 physics
WARNING less root-tuple-virtual (7044) than reference (7056) in run 28759 physics
WARNING less full-reconstructed (406) than reference (408) in run 28760 cosmics
WARNING less root-tuple-virtual (406) than reference (408) in run 28760 cosmics
run 28761 not reconstructed yet with version v09_91_02d01
WARNING less full-reconstructed (13363) than reference (13760) in run 28762 physics
WARNING less root-tuple-virtual (13363) than reference (13760) in run 28762 physics
WARNING less full-reconstructed (109) than reference (4968) in run 28765 physics
WARNING less root-tuple-virtual (109) than reference (4968) in run 28765 physics
run 28773 not reconstructed yet with version v09_91_02d01
run 28774 not reconstructed yet with version v09_91_02d01
run 28775 not reconstructed yet with version v09_91_02d01
run 28776 not reconstructed yet with version v09_91_02d01
WARNING less full-reconstructed (2053) than reference (2064) in run 28777 physics
WARNING less root-tuple-virtual (2053) than reference (2064) in run 28777 physics
run 28778 not reconstructed yet with version v09_91_02d01
run 28791 not reconstructed yet with version v09_91_02d01
